Arguments: 
  /Users/anamariao/.nvm/versions/node/v14.5.0/bin/node /Users/anamariao/.nvm/versions/node/v14.5.0/bin/yarn start

PATH: 
  /Users/anamariao/.nvm/versions/node/v14.5.0/bin:/usr/local/bin:/usr/bin:/bin:/usr/sbin:/sbin:/Users/anamariao/.nvm/versions/node/v14.5.0/bin

Yarn version: 
  1.22.4

Node version: 
  14.5.0

Platform: 
  darwin x64

Trace: 
  SyntaxError: /Users/anamariao/Desktop/wyncode/C38/Flights-on-Flights/package.json: Unexpected end of JSON input
      at JSON.parse (<anonymous>)
      at /Users/anamariao/.nvm/versions/node/v14.5.0/lib/node_modules/yarn/lib/cli.js:1625:59
      at Generator.next (<anonymous>)
      at step (/Users/anamariao/.nvm/versions/node/v14.5.0/lib/node_modules/yarn/lib/cli.js:310:30)
      at /Users/anamariao/.nvm/versions/node/v14.5.0/lib/node_modules/yarn/lib/cli.js:321:13

npm manifest: 
  

yarn manifest: 
  No manifest

Lockfile: 
  # THIS IS AN AUTOGENERATED FILE. DO NOT EDIT THIS FILE DIRECTLY.
  # yarn lockfile v1
